<?xml version="1.0" encoding="UTF-8"?>
<!-- Generated by org.testng.reporters.JUnitXMLReporter -->
<testsuite ignored="0" hostname="DESKTOP-BIUCLJH" failures="0" tests="4" name="Default test" time="0.075" errors="0" timestamp="2022-09-03T11:03:24 WIB">
  <testcase classname="ujianminggukedua.TestMatematika" name="TestPenjumlahan" time="0.008"/>
  <testcase classname="ujianminggukedua.TestMatematika" name="TestPengurangan" time="0.001"/>
  <testcase classname="ujianminggukedua.TestMatematika" name="TestPembagian" time="0.002"/>
  <testcase classname="ujianminggukedua.TestMatematika" name="TestModulus" time="0.001"/>
</testsuite> <!-- Default test -->
