<?xml version="1.0" encoding="UTF-8"?>
<testng-results ignored="0" total="4" passed="4" failed="0" skipped="0">
  <reporter-output>
  </reporter-output>
  <suite started-at="2022-09-03T11:03:24 WIB" name="Default suite" finished-at="2022-09-03T11:03:24 WIB" duration-ms="75">
    <groups>
    </groups>
    <test started-at="2022-09-03T11:03:24 WIB" name="Default test" finished-at="2022-09-03T11:03:24 WIB" duration-ms="75">
      <class name="ujianminggukedua.TestMatematika">
        <test-method is-config="true" signature="instance()[pri:0, instance:ujianminggukedua.TestMatematika@3232a28a]" started-at="2022-09-03T11:03:24 WIB" name="instance" finished-at="2022-09-03T11:03:24 WIB" duration-ms="11" status="PASS">
          <reporter-output>
          </reporter-output>
        </test-method> <!-- instance -->
        <test-method signature="TestPenjumlahan()[pri:0, instance:ujianminggukedua.TestMatematika@3232a28a]" started-at="2022-09-03T11:03:24 WIB" name="TestPenjumlahan" finished-at="2022-09-03T11:03:24 WIB" duration-ms="8" status="PASS">
          <reporter-output>
          </reporter-output>
        </test-method> <!-- TestPenjumlahan -->
        <test-method is-config="true" signature="aftMethod()[pri:0, instance:ujianminggukedua.TestMatematika@3232a28a]" started-at="2022-09-03T11:03:24 WIB" name="aftMethod" finished-at="2022-09-03T11:03:24 WIB" duration-ms="1" status="PASS">
          <reporter-output>
          </reporter-output>
        </test-method> <!-- aftMethod -->
        <test-method signature="TestPengurangan()[pri:1, instance:ujianminggukedua.TestMatematika@3232a28a]" started-at="2022-09-03T11:03:24 WIB" name="TestPengurangan" finished-at="2022-09-03T11:03:24 WIB" duration-ms="1" status="PASS">
          <reporter-output>
          </reporter-output>
        </test-method> <!-- TestPengurangan -->
        <test-method is-config="true" signature="aftMethod()[pri:0, instance:ujianminggukedua.TestMatematika@3232a28a]" started-at="2022-09-03T11:03:24 WIB" name="aftMethod" finished-at="2022-09-03T11:03:24 WIB" duration-ms="0" status="PASS">
          <reporter-output>
          </reporter-output>
        </test-method> <!-- aftMethod -->
        <test-method signature="TestPembagian()[pri:2, instance:ujianminggukedua.TestMatematika@3232a28a]" started-at="2022-09-03T11:03:24 WIB" name="TestPembagian" finished-at="2022-09-03T11:03:24 WIB" duration-ms="2" status="PASS">
          <reporter-output>
          </reporter-output>
        </test-method> <!-- TestPembagian -->
        <test-method is-config="true" signature="aftMethod()[pri:0, instance:ujianminggukedua.TestMatematika@3232a28a]" started-at="2022-09-03T11:03:24 WIB" name="aftMethod" finished-at="2022-09-03T11:03:24 WIB" duration-ms="0" status="PASS">
          <reporter-output>
          </reporter-output>
        </test-method> <!-- aftMethod -->
        <test-method signature="TestModulus()[pri:3, instance:ujianminggukedua.TestMatematika@3232a28a]" started-at="2022-09-03T11:03:24 WIB" name="TestModulus" finished-at="2022-09-03T11:03:24 WIB" duration-ms="1" status="PASS">
          <reporter-output>
          </reporter-output>
        </test-method> <!-- TestModulus -->
        <test-method is-config="true" signature="aftMethod()[pri:0, instance:ujianminggukedua.TestMatematika@3232a28a]" started-at="2022-09-03T11:03:24 WIB" name="aftMethod" finished-at="2022-09-03T11:03:24 WIB" duration-ms="0" status="PASS">
          <reporter-output>
          </reporter-output>
        </test-method> <!-- aftMethod -->
        <test-method is-config="true" signature="aftTest()[pri:0, instance:ujianminggukedua.TestMatematika@3232a28a]" started-at="2022-09-03T11:03:24 WIB" name="aftTest" finished-at="2022-09-03T11:03:24 WIB" duration-ms="1" status="PASS">
          <reporter-output>
          </reporter-output>
        </test-method> <!-- aftTest -->
      </class> <!-- ujianminggukedua.TestMatematika -->
    </test> <!-- Default test -->
  </suite> <!-- Default suite -->
</testng-results>
